<?xml version="1.0" encoding="UTF-8"?>
<testsuite name="com.HelloPuneTest" tests="1" skipped="0" failures="0" errors="0" timestamp="2019-02-05T12:33:39" hostname="oracle-adf12" time="0.003">
  <properties/>
  <testcase name="printName" classname="com.HelloPuneTest" time="0.003"/>
  <system-out><![CDATA[]]></system-out>
  <system-err><![CDATA[]]></system-err>
</testsuite>
